<?xml version="1.0" encoding="UTF-8"?>
<testsuite xmlns:xsi="http://www.w3.org/2001/XMLSchema-instance" xsi:noNamespaceSchemaLocation="https://maven.apache.org/surefire/maven-surefire-plugin/xsd/surefire-test-report.xsd" version="3.0.2" name="com.petedillo.api.repository.AdminUserRepositoryTest" time="2.894" tests="8" errors="0" skipped="0" failures="0">
  <properties>
[...]
</properties>
  <testcase name="testFindByAuthProviderAndProviderUserId" classname="AdminUserRepository Tests" time="0.34">
    <system-out><![CDATA[01:45:12.599 [main] INFO org.springframework.test.context.support.AnnotationConfigContextLoaderUtils -- Could not detect default configuration classes for test class [com.petedillo.api.repository.AdminUserRepositoryTest]: AdminUserRepositoryTest does not declare any static, non-private, non-final, nested classes annotated with @Configuration.
01:45:12.668 [main] INFO org.springframework.boot.test.context.SpringBootTestContextBootstrapper -- Found @SpringBootConfiguration com.petedillo.api.ApiApplication for test class com.petedillo.api.repository.AdminUserRepositoryTest

  .   ____          _            __ _ _
 /\\ / ___'_ __ _ _(_)_ __  __ _ \ \ \ \
( ( )\___ | '_ | '_| | '_ \/ _` | \ \ \ \
 \\/  ___)| |_)| | | | | || (_| |  ) ) ) )
  '  |____| .__|_| |_|_| |_\__, | / / / /
 =========|_|==============|___/=/_/_/_/

 :: Spring Boot ::                (v3.5.7)

2025-12-27T01:45:12.867-06:00  INFO 79915 --- [blog-api] [           main] c.p.a.r.AdminUserRepositoryTest          : Starting AdminUserRepositoryTest using Java 25 with PID 79915 (started by pedrodelgadillo in /Users/pedrodelgadillo/PeteDio-Labs/developed-apps/blog/api)
2025-12-27T01:45:12.867-06:00  INFO 79915 --- [blog-api] [           main] c.p.a.r.AdminUserRepositoryTest          : The following 1 profile is active: "test"
2025-12-27T01:45:13.050-06:00  INFO 79915 --- [blog-api] [           main] .s.d.r.c.RepositoryConfigurationDelegate : Bootstrapping Spring Data JPA repositories in DEFAULT mode.
2025-12-27T01:45:13.084-06:00  INFO 79915 --- [blog-api] [           main] .s.d.r.c.RepositoryConfigurationDelegate : Finished Spring Data repository scanning in 28 ms. Found 6 JPA repository interfaces.
2025-12-27T01:45:13.113-06:00  INFO 79915 --- [blog-api] [           main] beddedDataSourceBeanFactoryPostProcessor : Replacing 'dataSource' DataSource bean with embedded version
2025-12-27T01:45:13.156-06:00  INFO 79915 --- [blog-api] [           main] o.s.j.d.e.EmbeddedDatabaseFactory        : Starting embedded database: url='jdbc:h2:mem:3d0b9cf6-29f7-435f-b5dd-0f9544a71d84;DB_CLOSE_DELAY=-1;DB_CLOSE_ON_EXIT=false', username='sa'
2025-12-27T01:45:13.308-06:00  INFO 79915 --- [blog-api] [           main] o.hibernate.jpa.internal.util.LogHelper  : HHH000204: Processing PersistenceUnitInfo [name: default]
2025-12-27T01:45:13.334-06:00  INFO 79915 --- [blog-api] [           main] org.hibernate.Version                    : HHH000412: Hibernate ORM core version 6.6.33.Final
2025-12-27T01:45:13.350-06:00  INFO 79915 --- [blog-api] [           main] o.h.c.internal.RegionFactoryInitiator    : HHH000026: Second-level cache disabled
2025-12-27T01:45:13.485-06:00  INFO 79915 --- [blog-api] [           main] o.s.o.j.p.SpringPersistenceUnitInfo      : No LoadTimeWeaver setup: ignoring JPA class transformer
2025-12-27T01:45:13.525-06:00  INFO 79915 --- [blog-api] [           main] org.hibernate.orm.connections.pooling    : HHH10001005: Database info:
	Database JDBC URL [Connecting through datasource 'org.springframework.jdbc.datasource.embedded.EmbeddedDatabaseFactory$EmbeddedDataSourceProxy@559d19c']
	Database driver: undefined/unknown
	Database version: 2.3.232
	Autocommit mode: undefined/unknown
	Isolation level: undefined/unknown
	Minimum pool size: undefined/unknown
	Maximum pool size: undefined/unknown
2025-12-27T01:45:13.986-06:00  INFO 79915 --- [blog-api] [           main] o.h.e.t.j.p.i.JtaPlatformInitiator       : HHH000489: No JTA platform available (set 'hibernate.transaction.jta.platform' to enable JTA platform integration)
Hibernate: drop table if exists admin_users cascade 
Hibernate: drop table if exists blog_media cascade 
Hibernate: drop table if exists blog_posts cascade 
Hibernate: drop table if exists blog_tags cascade 
Hibernate: drop table if exists post_tags cascade 
Hibernate: drop table if exists refresh_tokens cascade 
Hibernate: drop table if exists tags cascade 
Hibernate: create table admin_users (is_enabled boolean not null, created_at timestamp(6) not null, id bigint generated by default as identity, last_login_at timestamp(6), updated_at timestamp(6) not null, display_name varchar(255), email varchar(255) not null unique, password_hash varchar(255), profile_picture_url varchar(255), provider_user_id varchar(255), username varchar(255) not null unique, auth_provider enum ('APPLE','GOOGLE','LOCAL') not null, primary key (id))
Hibernate: create table blog_media (display_order integer, blog_post_id bigint not null, created_at timestamp(6) not null, file_size bigint, id bigint generated by default as identity, mime_type varchar(100), caption varchar(500), file_path varchar(500), alt_text varchar(255), external_url TEXT, media_type enum ('AUDIO','EXTERNAL_IMAGE','IMAGE','VIDEO') not null, primary key (id))
Hibernate: create table blog_posts (is_featured boolean, view_count integer, created_at timestamp(6), id bigint generated by default as identity, published_at timestamp(6), updated_at timestamp(6), content varchar(255), excerpt varchar(255), slug varchar(255), status varchar(255), title varchar(255), primary key (id))
Hibernate: create table blog_tags (blog_post_id bigint not null, created_at timestamp(6) not null, id bigint generated by default as identity, tag_name varchar(50) not null, primary key (id))
Hibernate: create table post_tags (post_id bigint not null, tag_id bigint not null, primary key (post_id, tag_id))
Hibernate: create table refresh_tokens (is_revoked boolean not null, admin_user_id bigint not null, created_at timestamp(6) not null, expires_at timestamp(6) not null, id bigint generated by default as identity, revoked_at timestamp(6), token_family_id uuid not null, ip_address varchar(255), token_hash varchar(255) not null unique, user_agent varchar(255), primary key (id))
Hibernate: create table tags (post_count integer not null, created_at timestamp(6) not null, id bigint generated by default as identity, updated_at timestamp(6) not null, name varchar(255) not null unique, slug varchar(255) not null unique, primary key (id))
Hibernate: create index idx_admin_users_email on admin_users (email)
Hibernate: create index idx_admin_users_username on admin_users (username)
Hibernate: create index idx_admin_users_provider on admin_users (auth_provider, provider_user_id)
Hibernate: create index idx_refresh_tokens_hash on refresh_tokens (token_hash)
Hibernate: create index idx_refresh_tokens_user on refresh_tokens (admin_user_id)
Hibernate: create index idx_refresh_tokens_family on refresh_tokens (token_family_id)
Hibernate: create index idx_refresh_tokens_expires on refresh_tokens (expires_at)
Hibernate: create index idx_tags_name on tags (name)
Hibernate: create index idx_tags_slug on tags (slug)
Hibernate: alter table if exists blog_media add constraint FKkic0w2al2nd1twfcmh0j05njd foreign key (blog_post_id) references blog_posts
Hibernate: alter table if exists blog_tags add constraint FK4je1x2er3g5mxk8q1wd08mbsi foreign key (blog_post_id) references blog_posts
Hibernate: alter table if exists post_tags add constraint FKm6cfovkyqvu5rlm6ahdx3eavj foreign key (tag_id) references tags
Hibernate: alter table if exists post_tags add constraint FKqxfp49wi3twq9l0onv2fp6j2q foreign key (post_id) references blog_posts
Hibernate: alter table if exists refresh_tokens add constraint fk_refresh_tokens_admin_user foreign key (admin_user_id) references admin_users
2025-12-27T01:45:14.026-06:00  INFO 79915 --- [blog-api] [           main] j.LocalContainerEntityManagerFactoryBean : Initialized JPA EntityManagerFactory for persistence unit 'default'
2025-12-27T01:45:14.230-06:00  INFO 79915 --- [blog-api] [           main] o.s.d.j.r.query.QueryEnhancerFactory     : Hibernate is in classpath; If applicable, HQL parser will be used.
2025-12-27T01:45:15.038-06:00  INFO 79915 --- [blog-api] [           main] c.p.a.r.AdminUserRepositoryTest          : Started AdminUserRepositoryTest in 2.327 seconds (process running for 2.877)
Hibernate: insert into admin_users (auth_provider,created_at,display_name,email,is_enabled,last_login_at,password_hash,profile_picture_url,provider_user_id,updated_at,username,id) values (?,?,?,?,?,?,?,?,?,?,?,default)
Hibernate: select au1_0.id,au1_0.auth_provider,au1_0.created_at,au1_0.display_name,au1_0.email,au1_0.is_enabled,au1_0.last_login_at,au1_0.password_hash,au1_0.profile_picture_url,au1_0.provider_user_id,au1_0.updated_at,au1_0.username from admin_users au1_0 where au1_0.auth_provider=? and au1_0.provider_user_id=?
]]></system-out>
    <system-err><![CDATA[Mockito is currently self-attaching to enable the inline-mock-maker. This will no longer work in future releases of the JDK. Please add Mockito as an agent to your build as described in Mockito's documentation: https://javadoc.io/doc/org.mockito/mockito-core/latest/org.mockito/org/mockito/Mockito.html#0.3
WARNING: A Java agent has been loaded dynamically (/Users/pedrodelgadillo/.m2/repository/net/bytebuddy/byte-buddy-agent/1.17.8/byte-buddy-agent-1.17.8.jar)
WARNING: If a serviceability tool is in use, please run with -XX:+EnableDynamicAgentLoading to hide this warning
WARNING: If a serviceability tool is not in use, please run with -Djdk.instrument.traceUsage for more information
WARNING: Dynamic loading of agents will be disallowed by default in a future release
]]></system-err>
  </testcase>
  <testcase name="testFindByUsername" classname="AdminUserRepository Tests" time="0.006">
    <system-out><![CDATA[Hibernate: insert into admin_users (auth_provider,created_at,display_name,email,is_enabled,last_login_at,password_hash,profile_picture_url,provider_user_id,updated_at,username,id) values (?,?,?,?,?,?,?,?,?,?,?,default)
Hibernate: select au1_0.id,au1_0.auth_provider,au1_0.created_at,au1_0.display_name,au1_0.email,au1_0.is_enabled,au1_0.last_login_at,au1_0.password_hash,au1_0.profile_picture_url,au1_0.provider_user_id,au1_0.updated_at,au1_0.username from admin_users au1_0 where au1_0.username=?
]]></system-out>
  </testcase>
  <testcase name="testFindNonExistentUser" classname="AdminUserRepository Tests" time="0.003">
    <system-out><![CDATA[Hibernate: select au1_0.id,au1_0.auth_provider,au1_0.created_at,au1_0.display_name,au1_0.email,au1_0.is_enabled,au1_0.last_login_at,au1_0.password_hash,au1_0.profile_picture_url,au1_0.provider_user_id,au1_0.updated_at,au1_0.username from admin_users au1_0 where au1_0.email=?
]]></system-out>
  </testcase>
  <testcase name="testUniqueUsernameConstraint" classname="AdminUserRepository Tests" time="0.008">
    <system-out><![CDATA[Hibernate: insert into admin_users (auth_provider,created_at,display_name,email,is_enabled,last_login_at,password_hash,profile_picture_url,provider_user_id,updated_at,username,id) values (?,?,?,?,?,?,?,?,?,?,?,default)
Hibernate: insert into admin_users (auth_provider,created_at,display_name,email,is_enabled,last_login_at,password_hash,profile_picture_url,provider_user_id,updated_at,username,id) values (?,?,?,?,?,?,?,?,?,?,?,default)
2025-12-27T01:45:15.398-06:00  WARN 79915 --- [blog-api] [           main] o.h.engine.jdbc.spi.SqlExceptionHelper   : SQL Error: 23505, SQLState: 23505
2025-12-27T01:45:15.398-06:00 ERROR 79915 --- [blog-api] [           main] o.h.engine.jdbc.spi.SqlExceptionHelper   : Unique index or primary key violation: "PUBLIC.CONSTRAINT_INDEX_AE ON PUBLIC.ADMIN_USERS(USERNAME NULLS FIRST) VALUES ( /* 3 */ 'duplicate_user' )"; SQL statement:
insert into admin_users (auth_provider,created_at,display_name,email,is_enabled,last_login_at,password_hash,profile_picture_url,provider_user_id,updated_at,username,id) values (?,?,?,?,?,?,?,?,?,?,?,default) [23505-232]
]]></system-out>
  </testcase>
  <testcase name="testDeleteAdminUser" classname="AdminUserRepository Tests" time="0.008">
    <system-out><![CDATA[Hibernate: insert into admin_users (auth_provider,created_at,display_name,email,is_enabled,last_login_at,password_hash,profile_picture_url,provider_user_id,updated_at,username,id) values (?,?,?,?,?,?,?,?,?,?,?,default)
]]></system-out>
  </testcase>
  <testcase name="testUpdateAdminUser" classname="AdminUserRepository Tests" time="0.004">
    <system-out><![CDATA[Hibernate: insert into admin_users (auth_provider,created_at,display_name,email,is_enabled,last_login_at,password_hash,profile_picture_url,provider_user_id,updated_at,username,id) values (?,?,?,?,?,?,?,?,?,?,?,default)
]]></system-out>
  </testcase>
  <testcase name="testSaveAndFindByEmail" classname="AdminUserRepository Tests" time="0.005">
    <system-out><![CDATA[Hibernate: insert into admin_users (auth_provider,created_at,display_name,email,is_enabled,last_login_at,password_hash,profile_picture_url,provider_user_id,updated_at,username,id) values (?,?,?,?,?,?,?,?,?,?,?,default)
Hibernate: select au1_0.id,au1_0.auth_provider,au1_0.created_at,au1_0.display_name,au1_0.email,au1_0.is_enabled,au1_0.last_login_at,au1_0.password_hash,au1_0.profile_picture_url,au1_0.provider_user_id,au1_0.updated_at,au1_0.username from admin_users au1_0 where au1_0.email=?
]]></system-out>
  </testcase>
  <testcase name="testUniqueEmailConstraint" classname="AdminUserRepository Tests" time="0.004">
    <system-out><![CDATA[Hibernate: insert into admin_users (auth_provider,created_at,display_name,email,is_enabled,last_login_at,password_hash,profile_picture_url,provider_user_id,updated_at,username,id) values (?,?,?,?,?,?,?,?,?,?,?,default)
Hibernate: insert into admin_users (auth_provider,created_at,display_name,email,is_enabled,last_login_at,password_hash,profile_picture_url,provider_user_id,updated_at,username,id) values (?,?,?,?,?,?,?,?,?,?,?,default)
2025-12-27T01:45:15.424-06:00  WARN 79915 --- [blog-api] [           main] o.h.engine.jdbc.spi.SqlExceptionHelper   : SQL Error: 23505, SQLState: 23505
2025-12-27T01:45:15.424-06:00 ERROR 79915 --- [blog-api] [           main] o.h.engine.jdbc.spi.SqlExceptionHelper   : Unique index or primary key violation: "PUBLIC.CONSTRAINT_INDEX_A ON PUBLIC.ADMIN_USERS(EMAIL NULLS FIRST) VALUES ( /* 8 */ 'duplicate@example.com' )"; SQL statement:
insert into admin_users (auth_provider,created_at,display_name,email,is_enabled,last_login_at,password_hash,profile_picture_url,provider_user_id,updated_at,username,id) values (?,?,?,?,?,?,?,?,?,?,?,default) [23505-232]
]]></system-out>
  </testcase>
</testsuite>